<?xml version="1.0" encoding="UTF-8"?>
<testsuite xmlns:xsi="http://www.w3.org/2001/XMLSchema-instance" xsi:noNamespaceSchemaLocation="https://maven.apache.org/surefire/maven-surefire-plugin/xsd/surefire-test-report.xsd" name="TestPartInner" time="0.031" tests="1" errors="0" skipped="0" failures="0">
  <properties>
    <property name="sun.desktop" value="windows"/>
    <property name="awt.toolkit" value="sun.awt.windows.WToolkit"/>
    <property name="file.encoding.pkg" value="sun.io"/>
    <property name="java.specification.version" value="1.8"/>
    <property name="sun.cpu.isalist" value="amd64"/>
    <property name="sun.jnu.encoding" value="GBK"/>
    <property name="java.class.path" value="F:\newLearnSpace\learn-cgb2106\learn-springcloud1\common\target\test-classes;F:\newLearnSpace\learn-cgb2106\learn-springcloud1\common\target\classes;D:\JavaDevelop\localRepo\com\fasterxml\jackson\module\jackson-module-parameter-names\2.9.8\jackson-module-parameter-names-2.9.8.jar;D:\JavaDevelop\localRepo\com\fasterxml\jackson\core\jackson-core\2.11.1\jackson-core-2.11.1.jar;D:\JavaDevelop\localRepo\com\fasterxml\jackson\core\jackson-databind\2.11.1\jackson-databind-2.11.1.jar;D:\JavaDevelop\localRepo\com\fasterxml\jackson\datatype\jackson-datatype-jdk8\2.9.8\jackson-datatype-jdk8-2.9.8.jar;D:\JavaDevelop\localRepo\com\fasterxml\jackson\datatype\jackson-datatype-jsr310\2.9.8\jackson-datatype-jsr310-2.9.8.jar;D:\JavaDevelop\localRepo\com\fasterxml\jackson\core\jackson-annotations\2.11.1\jackson-annotations-2.11.1.jar;D:\JavaDevelop\localRepo\com\fasterxml\jackson\datatype\jackson-datatype-guava\2.9.8\jackson-datatype-guava-2.9.8.jar;D:\JavaDevelop\localRepo\com\google\guava\guava\30.0-jre\guava-30.0-jre.jar;D:\JavaDevelop\localRepo\com\google\guava\failureaccess\1.0.1\failureaccess-1.0.1.jar;D:\JavaDevelop\localRepo\com\google\guava\listenablefuture\9999.0-empty-to-avoid-conflict-with-guava\listenablefuture-9999.0-empty-to-avoid-conflict-with-guava.jar;D:\JavaDevelop\localRepo\com\google\code\findbugs\jsr305\3.0.2\jsr305-3.0.2.jar;D:\JavaDevelop\localRepo\org\checkerframework\checker-qual\3.5.0\checker-qual-3.5.0.jar;D:\JavaDevelop\localRepo\com\google\errorprone\error_prone_annotations\2.3.4\error_prone_annotations-2.3.4.jar;D:\JavaDevelop\localRepo\com\google\j2objc\j2objc-annotations\1.3\j2objc-annotations-1.3.jar;D:\JavaDevelop\localRepo\org\projectlombok\lombok\1.18.12\lombok-1.18.12.jar;D:\JavaDevelop\localRepo\javax\servlet\javax.servlet-api\3.1.0\javax.servlet-api-3.1.0.jar;D:\JavaDevelop\localRepo\org\slf4j\slf4j-api\1.7.26\slf4j-api-1.7.26.jar;D:\JavaDevelop\localRepo\org\apache\commons\commons-lang3\3.9\commons-lang3-3.9.jar;D:\JavaDevelop\localRepo\junit\junit\4.13\junit-4.13.jar;D:\JavaDevelop\localRepo\org\hamcrest\hamcrest-core\2.2\hamcrest-core-2.2.jar;D:\JavaDevelop\localRepo\org\hamcrest\hamcrest\2.2\hamcrest-2.2.jar;"/>
    <property name="java.vm.vendor" value="Oracle Corporation"/>
    <property name="sun.arch.data.model" value="64"/>
    <property name="user.variant" value=""/>
    <property name="java.vendor.url" value="http://java.oracle.com/"/>
    <property name="user.timezone" value="Asia/Shanghai"/>
    <property name="java.vm.specification.version" value="1.8"/>
    <property name="os.name" value="Windows 8.1"/>
    <property name="user.country" value="CN"/>
    <property name="sun.java.launcher" value="SUN_STANDARD"/>
    <property name="sun.boot.library.path" value="D:\javaVariable\jdk\jdk1.8.0_45\jre\bin"/>
    <property name="sun.java.command" value="C:\Users\Roy\AppData\Local\Temp\surefire3501716045530392320\surefirebooter3855878019320234728.jar C:\Users\Roy\AppData\Local\Temp\surefire3501716045530392320 2022-08-02T18-30-11_178-jvmRun1 surefire4669456405620510440tmp surefire_07359461589172612337tmp"/>
    <property name="surefire.test.class.path" value="F:\newLearnSpace\learn-cgb2106\learn-springcloud1\common\target\test-classes;F:\newLearnSpace\learn-cgb2106\learn-springcloud1\common\target\classes;D:\JavaDevelop\localRepo\com\fasterxml\jackson\module\jackson-module-parameter-names\2.9.8\jackson-module-parameter-names-2.9.8.jar;D:\JavaDevelop\localRepo\com\fasterxml\jackson\core\jackson-core\2.11.1\jackson-core-2.11.1.jar;D:\JavaDevelop\localRepo\com\fasterxml\jackson\core\jackson-databind\2.11.1\jackson-databind-2.11.1.jar;D:\JavaDevelop\localRepo\com\fasterxml\jackson\datatype\jackson-datatype-jdk8\2.9.8\jackson-datatype-jdk8-2.9.8.jar;D:\JavaDevelop\localRepo\com\fasterxml\jackson\datatype\jackson-datatype-jsr310\2.9.8\jackson-datatype-jsr310-2.9.8.jar;D:\JavaDevelop\localRepo\com\fasterxml\jackson\core\jackson-annotations\2.11.1\jackson-annotations-2.11.1.jar;D:\JavaDevelop\localRepo\com\fasterxml\jackson\datatype\jackson-datatype-guava\2.9.8\jackson-datatype-guava-2.9.8.jar;D:\JavaDevelop\localRepo\com\google\guava\guava\30.0-jre\guava-30.0-jre.jar;D:\JavaDevelop\localRepo\com\google\guava\failureaccess\1.0.1\failureaccess-1.0.1.jar;D:\JavaDevelop\localRepo\com\google\guava\listenablefuture\9999.0-empty-to-avoid-conflict-with-guava\listenablefuture-9999.0-empty-to-avoid-conflict-with-guava.jar;D:\JavaDevelop\localRepo\com\google\code\findbugs\jsr305\3.0.2\jsr305-3.0.2.jar;D:\JavaDevelop\localRepo\org\checkerframework\checker-qual\3.5.0\checker-qual-3.5.0.jar;D:\JavaDevelop\localRepo\com\google\errorprone\error_prone_annotations\2.3.4\error_prone_annotations-2.3.4.jar;D:\JavaDevelop\localRepo\com\google\j2objc\j2objc-annotations\1.3\j2objc-annotations-1.3.jar;D:\JavaDevelop\localRepo\org\projectlombok\lombok\1.18.12\lombok-1.18.12.jar;D:\JavaDevelop\localRepo\javax\servlet\javax.servlet-api\3.1.0\javax.servlet-api-3.1.0.jar;D:\JavaDevelop\localRepo\org\slf4j\slf4j-api\1.7.26\slf4j-api-1.7.26.jar;D:\JavaDevelop\localRepo\org\apache\commons\commons-lang3\3.9\commons-lang3-3.9.jar;D:\JavaDevelop\localRepo\junit\junit\4.13\junit-4.13.jar;D:\JavaDevelop\localRepo\org\hamcrest\hamcrest-core\2.2\hamcrest-core-2.2.jar;D:\JavaDevelop\localRepo\org\hamcrest\hamcrest\2.2\hamcrest-2.2.jar;"/>
    <property name="sun.cpu.endian" value="little"/>
    <property name="user.home" value="C:\Users\Roy"/>
    <property name="user.language" value="zh"/>
    <property name="java.specification.vendor" value="Oracle Corporation"/>
    <property name="java.home" value="D:\javaVariable\jdk\jdk1.8.0_45\jre"/>
    <property name="basedir" value="F:\newLearnSpace\learn-cgb2106\learn-springcloud1\common"/>
    <property name="file.separator" value="\"/>
    <property name="line.separator" value="&#10;"/>
    <property name="java.vm.specification.vendor" value="Oracle Corporation"/>
    <property name="java.specification.name" value="Java Platform API Specification"/>
    <property name="java.awt.graphicsenv" value="sun.awt.Win32GraphicsEnvironment"/>
    <property name="surefire.real.class.path" value="C:\Users\Roy\AppData\Local\Temp\surefire3501716045530392320\surefirebooter3855878019320234728.jar"/>
    <property name="sun.boot.class.path" value="D:\javaVariable\jdk\jdk1.8.0_45\jre\lib\resources.jar;D:\javaVariable\jdk\jdk1.8.0_45\jre\lib\rt.jar;D:\javaVariable\jdk\jdk1.8.0_45\jre\lib\sunrsasign.jar;D:\javaVariable\jdk\jdk1.8.0_45\jre\lib\jsse.jar;D:\javaVariable\jdk\jdk1.8.0_45\jre\lib\jce.jar;D:\javaVariable\jdk\jdk1.8.0_45\jre\lib\charsets.jar;D:\javaVariable\jdk\jdk1.8.0_45\jre\lib\jfr.jar;D:\javaVariable\jdk\jdk1.8.0_45\jre\classes"/>
    <property name="user.script" value=""/>
    <property name="sun.management.compiler" value="HotSpot 64-Bit Tiered Compilers"/>
    <property name="java.runtime.version" value="1.8.0_45-b14"/>
    <property name="user.name" value="Roy"/>
    <property name="path.separator" value=";"/>
    <property name="os.version" value="6.3"/>
    <property name="java.endorsed.dirs" value="D:\javaVariable\jdk\jdk1.8.0_45\jre\lib\endorsed"/>
    <property name="java.runtime.name" value="Java(TM) SE Runtime Environment"/>
    <property name="file.encoding" value="GBK"/>
    <property name="java.vm.name" value="Java HotSpot(TM) 64-Bit Server VM"/>
    <property name="idea.version2020.1" value="true"/>
    <property name="localRepository" value="D:\JavaDevelop\localRepo"/>
    <property name="java.vendor.url.bug" value="http://bugreport.sun.com/bugreport/"/>
    <property name="java.io.tmpdir" value="C:\Users\Roy\AppData\Local\Temp\"/>
    <property name="java.version" value="1.8.0_45"/>
    <property name="user.dir" value="F:\newLearnSpace\learn-cgb2106\learn-springcloud1\common"/>
    <property name="os.arch" value="amd64"/>
    <property name="java.vm.specification.name" value="Java Virtual Machine Specification"/>
    <property name="java.awt.printerjob" value="sun.awt.windows.WPrinterJob"/>
    <property name="sun.os.patch.level" value=""/>
    <property name="java.library.path" value="D:\javaVariable\jdk\jdk1.8.0_45\jre\bin;C:\Windows\Sun\Java\bin;C:\Windows\system32;C:\Windows;D:\VMware 16\bin\;D:\javaVariable\jdk\jdk1.8.0_45\bin;D:\javaVariable\jdk\jdk1.8.0_45\jre\bin;C:\Windows\system32;C:\Windows;C:\Windows\System32\Wbem;C:\Windows\System32\WindowsPowerShell\v1.0\;C:\Windows\System32\OpenSSH\;C:\Program Files (x86)\NVIDIA Corporation\PhysX\Common;C:\Program Files\NVIDIA Corporation\NVIDIA NvDLISR;D:\javaVariable\apache-maven-3.6.3\bin;D:\mysql\mysql-5.7.32-winx64\bin;D:\Git\cmd;D:\GitAndRepository\Git\cmd;D:\node\;D:\node\node_global;D:\JMeter\apache-jmeter-5.5\bin;C:\Users\Roy\AppData\Local\Microsoft\WindowsApps;C:\Users\Roy\AppData\Roaming\npm;."/>
    <property name="java.vm.info" value="mixed mode"/>
    <property name="java.vendor" value="Oracle Corporation"/>
    <property name="java.vm.version" value="25.45-b02"/>
    <property name="java.ext.dirs" value="D:\javaVariable\jdk\jdk1.8.0_45\jre\lib\ext;C:\Windows\Sun\Java\lib\ext"/>
    <property name="sun.io.unicode.encoding" value="UnicodeLittle"/>
    <property name="maven.repo.local" value="D:\JavaDevelop\localRepo"/>
    <property name="java.class.version" value="52.0"/>
  </properties>
  <testcase name="testPartInnerMethod" classname="TestPartInner" time="0.004"/>
</testsuite>